<testsuites id="" name="" tests="175" failures="0" skipped="175" errors="0" time="0.7401960000000001">
<testsuite name="widget/widget-builder.spec.ts" timestamp="2025-10-03T09:58:12.039Z" hostname="chromium" tests="13" failures="0" skipped="13" time="0" errors="0">
<testcase name="Widget Builder - Configuration and Setup › should load widget builder page with existing configuration" classname="widget/widget-builder.spec.ts" time="0">
<skipped>
</skipped>
</testcase>
<testcase name="Widget Builder - Configuration and Setup › should customize widget design settings" classname="widget/widget-builder.spec.ts" time="0">
<skipped>
</skipped>
</testcase>
<testcase name="Widget Builder - Configuration and Setup › should configure widget behavior settings" classname="widget/widget-builder.spec.ts" time="0">
<skipped>
</skipped>
</testcase>
<testcase name="Widget Builder - Configuration and Setup › should configure security settings and manage allowed domains" classname="widget/widget-builder.spec.ts" time="0">
<skipped>
</skipped>
</testcase>
<testcase name="Widget Builder - Configuration and Setup › should generate and display widget embed code" classname="widget/widget-builder.spec.ts" time="0">
<skipped>
</skipped>
</testcase>
<testcase name="Widget Builder - Configuration and Setup › should display analytics settings and widget statistics" classname="widget/widget-builder.spec.ts" time="0">
<skipped>
</skipped>
</testcase>
<testcase name="Widget Builder - Configuration and Setup › should display live preview of widget with configuration changes" classname="widget/widget-builder.spec.ts" time="0">
<skipped>
</skipped>
</testcase>
<testcase name="Widget Builder - Configuration and Setup › should save widget configuration successfully" classname="widget/widget-builder.spec.ts" time="0">
<skipped>
</skipped>
</testcase>
<testcase name="Widget Builder - Configuration and Setup › should navigate using quick actions" classname="widget/widget-builder.spec.ts" time="0">
<skipped>
</skipped>
</testcase>
<testcase name="Widget Builder - Configuration and Setup › should handle navigation breadcrumbs correctly" classname="widget/widget-builder.spec.ts" time="0">
<skipped>
</skipped>
</testcase>
<testcase name="Widget Builder - Configuration and Setup › should handle API errors gracefully" classname="widget/widget-builder.spec.ts" time="0">
<skipped>
</skipped>
</testcase>
<testcase name="Widget Builder - Configuration and Setup › should handle save errors gracefully" classname="widget/widget-builder.spec.ts" time="0">
<skipped>
</skipped>
</testcase>
<testcase name="Widget Builder - End-to-End Workflow › complete widget setup workflow from dashboard to embed code" classname="widget/widget-builder.spec.ts" time="0">
<skipped>
</skipped>
</testcase>
</testsuite>
<testsuite name="widget/widget-integration-flow.spec.ts" timestamp="2025-10-03T09:58:12.039Z" hostname="chromium" tests="6" failures="0" skipped="6" time="0" errors="0">
<testcase name="Widget Integration - Complete User Journey › user journey: navigate from dashboard to widget setup" classname="widget/widget-integration-flow.spec.ts" time="0">
<skipped>
</skipped>
</testcase>
<testcase name="Widget Integration - Complete User Journey › complete widget configuration and code generation" classname="widget/widget-integration-flow.spec.ts" time="0">
<skipped>
</skipped>
</testcase>
<testcase name="Widget Integration - Complete User Journey › widget preview reflects configuration changes in real-time" classname="widget/widget-integration-flow.spec.ts" time="0">
<skipped>
</skipped>
</testcase>
<testcase name="Widget Integration - Complete User Journey › handle widget analytics and performance tracking" classname="widget/widget-integration-flow.spec.ts" time="0">
<skipped>
</skipped>
</testcase>
<testcase name="Widget Integration - Complete User Journey › validate widget deployment workflow" classname="widget/widget-integration-flow.spec.ts" time="0">
<skipped>
</skipped>
</testcase>
<testcase name="Widget Integration - Complete User Journey › verify widget security settings and domain restrictions" classname="widget/widget-integration-flow.spec.ts" time="0">
<skipped>
</skipped>
</testcase>
</testsuite>
<testsuite name="widget/widget-preview.spec.ts" timestamp="2025-10-03T09:58:12.039Z" hostname="chromium" tests="16" failures="0" skipped="16" time="0" errors="0">
<testcase name="Widget Preview and Embed Testing › should render widget preview page correctly" classname="widget/widget-preview.spec.ts" time="0">
<skipped>
</skipped>
</testcase>
<testcase name="Widget Preview and Embed Testing › should display widget with correct theme configuration" classname="widget/widget-preview.spec.ts" time="0">
<skipped>
</skipped>
</testcase>
<testcase name="Widget Preview and Embed Testing › should open and close widget on bubble click" classname="widget/widget-preview.spec.ts" time="0">
<skipped>
</skipped>
</testcase>
<testcase name="Widget Preview and Embed Testing › should display greeting message when widget opens" classname="widget/widget-preview.spec.ts" time="0">
<skipped>
</skipped>
</testcase>
<testcase name="Widget Preview and Embed Testing › should show correct bot name in widget header" classname="widget/widget-preview.spec.ts" time="0">
<skipped>
</skipped>
</testcase>
<testcase name="Widget Preview and Embed Testing › should display typing indicator when enabled" classname="widget/widget-preview.spec.ts" time="0">
<skipped>
</skipped>
</testcase>
<testcase name="Widget Preview and Embed Testing › should respect widget position configuration" classname="widget/widget-preview.spec.ts" time="0">
<skipped>
</skipped>
</testcase>
<testcase name="Widget Preview and Embed Testing › should allow message input and submission" classname="widget/widget-preview.spec.ts" time="0">
<skipped>
</skipped>
</testcase>
<testcase name="Widget Preview and Embed Testing › should show powered by branding when enabled" classname="widget/widget-preview.spec.ts" time="0">
<skipped>
</skipped>
</testcase>
<testcase name="Widget Preview and Embed Testing › should handle mobile viewport correctly" classname="widget/widget-preview.spec.ts" time="0">
<skipped>
</skipped>
</testcase>
<testcase name="Widget Loader Script › should load widget loader script successfully" classname="widget/widget-preview.spec.ts" time="0">
<skipped>
</skipped>
</testcase>
<testcase name="Widget Loader Script › should handle loader script errors gracefully" classname="widget/widget-preview.spec.ts" time="0">
<skipped>
</skipped>
</testcase>
<testcase name="Widget Chat Functionality › should handle chat conversation flow" classname="widget/widget-preview.spec.ts" time="0">
<skipped>
</skipped>
</testcase>
<testcase name="Widget Chat Functionality › should maintain conversation context" classname="widget/widget-preview.spec.ts" time="0">
<skipped>
</skipped>
</testcase>
<testcase name="Widget Chat Functionality › should display error message on chat API failure" classname="widget/widget-preview.spec.ts" time="0">
<skipped>
</skipped>
</testcase>
<testcase name="Widget Chat Functionality › should clear conversation when reset button is clicked" classname="widget/widget-preview.spec.ts" time="0">
<skipped>
</skipped>
</testcase>
</testsuite>
<testsuite name="widget/widget-builder.spec.ts" timestamp="2025-10-03T09:58:12.039Z" hostname="firefox" tests="13" failures="0" skipped="13" time="0" errors="0">
<testcase name="Widget Builder - Configuration and Setup › should load widget builder page with existing configuration" classname="widget/widget-builder.spec.ts" time="0">
<skipped>
</skipped>
</testcase>
<testcase name="Widget Builder - Configuration and Setup › should customize widget design settings" classname="widget/widget-builder.spec.ts" time="0">
<skipped>
</skipped>
</testcase>
<testcase name="Widget Builder - Configuration and Setup › should configure widget behavior settings" classname="widget/widget-builder.spec.ts" time="0">
<skipped>
</skipped>
</testcase>
<testcase name="Widget Builder - Configuration and Setup › should configure security settings and manage allowed domains" classname="widget/widget-builder.spec.ts" time="0">
<skipped>
</skipped>
</testcase>
<testcase name="Widget Builder - Configuration and Setup › should generate and display widget embed code" classname="widget/widget-builder.spec.ts" time="0">
<skipped>
</skipped>
</testcase>
<testcase name="Widget Builder - Configuration and Setup › should display analytics settings and widget statistics" classname="widget/widget-builder.spec.ts" time="0">
<skipped>
</skipped>
</testcase>
<testcase name="Widget Builder - Configuration and Setup › should display live preview of widget with configuration changes" classname="widget/widget-builder.spec.ts" time="0">
<skipped>
</skipped>
</testcase>
<testcase name="Widget Builder - Configuration and Setup › should save widget configuration successfully" classname="widget/widget-builder.spec.ts" time="0">
<skipped>
</skipped>
</testcase>
<testcase name="Widget Builder - Configuration and Setup › should navigate using quick actions" classname="widget/widget-builder.spec.ts" time="0">
<skipped>
</skipped>
</testcase>
<testcase name="Widget Builder - Configuration and Setup › should handle navigation breadcrumbs correctly" classname="widget/widget-builder.spec.ts" time="0">
<skipped>
</skipped>
</testcase>
<testcase name="Widget Builder - Configuration and Setup › should handle API errors gracefully" classname="widget/widget-builder.spec.ts" time="0">
<skipped>
</skipped>
</testcase>
<testcase name="Widget Builder - Configuration and Setup › should handle save errors gracefully" classname="widget/widget-builder.spec.ts" time="0">
<skipped>
</skipped>
</testcase>
<testcase name="Widget Builder - End-to-End Workflow › complete widget setup workflow from dashboard to embed code" classname="widget/widget-builder.spec.ts" time="0">
<skipped>
</skipped>
</testcase>
</testsuite>
<testsuite name="widget/widget-integration-flow.spec.ts" timestamp="2025-10-03T09:58:12.039Z" hostname="firefox" tests="6" failures="0" skipped="6" time="0" errors="0">
<testcase name="Widget Integration - Complete User Journey › user journey: navigate from dashboard to widget setup" classname="widget/widget-integration-flow.spec.ts" time="0">
<skipped>
</skipped>
</testcase>
<testcase name="Widget Integration - Complete User Journey › complete widget configuration and code generation" classname="widget/widget-integration-flow.spec.ts" time="0">
<skipped>
</skipped>
</testcase>
<testcase name="Widget Integration - Complete User Journey › widget preview reflects configuration changes in real-time" classname="widget/widget-integration-flow.spec.ts" time="0">
<skipped>
</skipped>
</testcase>
<testcase name="Widget Integration - Complete User Journey › handle widget analytics and performance tracking" classname="widget/widget-integration-flow.spec.ts" time="0">
<skipped>
</skipped>
</testcase>
<testcase name="Widget Integration - Complete User Journey › validate widget deployment workflow" classname="widget/widget-integration-flow.spec.ts" time="0">
<skipped>
</skipped>
</testcase>
<testcase name="Widget Integration - Complete User Journey › verify widget security settings and domain restrictions" classname="widget/widget-integration-flow.spec.ts" time="0">
<skipped>
</skipped>
</testcase>
</testsuite>
<testsuite name="widget/widget-preview.spec.ts" timestamp="2025-10-03T09:58:12.039Z" hostname="firefox" tests="16" failures="0" skipped="16" time="0" errors="0">
<testcase name="Widget Preview and Embed Testing › should render widget preview page correctly" classname="widget/widget-preview.spec.ts" time="0">
<skipped>
</skipped>
</testcase>
<testcase name="Widget Preview and Embed Testing › should display widget with correct theme configuration" classname="widget/widget-preview.spec.ts" time="0">
<skipped>
</skipped>
</testcase>
<testcase name="Widget Preview and Embed Testing › should open and close widget on bubble click" classname="widget/widget-preview.spec.ts" time="0">
<skipped>
</skipped>
</testcase>
<testcase name="Widget Preview and Embed Testing › should display greeting message when widget opens" classname="widget/widget-preview.spec.ts" time="0">
<skipped>
</skipped>
</testcase>
<testcase name="Widget Preview and Embed Testing › should show correct bot name in widget header" classname="widget/widget-preview.spec.ts" time="0">
<skipped>
</skipped>
</testcase>
<testcase name="Widget Preview and Embed Testing › should display typing indicator when enabled" classname="widget/widget-preview.spec.ts" time="0">
<skipped>
</skipped>
</testcase>
<testcase name="Widget Preview and Embed Testing › should respect widget position configuration" classname="widget/widget-preview.spec.ts" time="0">
<skipped>
</skipped>
</testcase>
<testcase name="Widget Preview and Embed Testing › should allow message input and submission" classname="widget/widget-preview.spec.ts" time="0">
<skipped>
</skipped>
</testcase>
<testcase name="Widget Preview and Embed Testing › should show powered by branding when enabled" classname="widget/widget-preview.spec.ts" time="0">
<skipped>
</skipped>
</testcase>
<testcase name="Widget Preview and Embed Testing › should handle mobile viewport correctly" classname="widget/widget-preview.spec.ts" time="0">
<skipped>
</skipped>
</testcase>
<testcase name="Widget Loader Script › should load widget loader script successfully" classname="widget/widget-preview.spec.ts" time="0">
<skipped>
</skipped>
</testcase>
<testcase name="Widget Loader Script › should handle loader script errors gracefully" classname="widget/widget-preview.spec.ts" time="0">
<skipped>
</skipped>
</testcase>
<testcase name="Widget Chat Functionality › should handle chat conversation flow" classname="widget/widget-preview.spec.ts" time="0">
<skipped>
</skipped>
</testcase>
<testcase name="Widget Chat Functionality › should maintain conversation context" classname="widget/widget-preview.spec.ts" time="0">
<skipped>
</skipped>
</testcase>
<testcase name="Widget Chat Functionality › should display error message on chat API failure" classname="widget/widget-preview.spec.ts" time="0">
<skipped>
</skipped>
</testcase>
<testcase name="Widget Chat Functionality › should clear conversation when reset button is clicked" classname="widget/widget-preview.spec.ts" time="0">
<skipped>
</skipped>
</testcase>
</testsuite>
<testsuite name="widget/widget-builder.spec.ts" timestamp="2025-10-03T09:58:12.039Z" hostname="webkit" tests="13" failures="0" skipped="13" time="0" errors="0">
<testcase name="Widget Builder - Configuration and Setup › should load widget builder page with existing configuration" classname="widget/widget-builder.spec.ts" time="0">
<skipped>
</skipped>
</testcase>
<testcase name="Widget Builder - Configuration and Setup › should customize widget design settings" classname="widget/widget-builder.spec.ts" time="0">
<skipped>
</skipped>
</testcase>
<testcase name="Widget Builder - Configuration and Setup › should configure widget behavior settings" classname="widget/widget-builder.spec.ts" time="0">
<skipped>
</skipped>
</testcase>
<testcase name="Widget Builder - Configuration and Setup › should configure security settings and manage allowed domains" classname="widget/widget-builder.spec.ts" time="0">
<skipped>
</skipped>
</testcase>
<testcase name="Widget Builder - Configuration and Setup › should generate and display widget embed code" classname="widget/widget-builder.spec.ts" time="0">
<skipped>
</skipped>
</testcase>
<testcase name="Widget Builder - Configuration and Setup › should display analytics settings and widget statistics" classname="widget/widget-builder.spec.ts" time="0">
<skipped>
</skipped>
</testcase>
<testcase name="Widget Builder - Configuration and Setup › should display live preview of widget with configuration changes" classname="widget/widget-builder.spec.ts" time="0">
<skipped>
</skipped>
</testcase>
<testcase name="Widget Builder - Configuration and Setup › should save widget configuration successfully" classname="widget/widget-builder.spec.ts" time="0">
<skipped>
</skipped>
</testcase>
<testcase name="Widget Builder - Configuration and Setup › should navigate using quick actions" classname="widget/widget-builder.spec.ts" time="0">
<skipped>
</skipped>
</testcase>
<testcase name="Widget Builder - Configuration and Setup › should handle navigation breadcrumbs correctly" classname="widget/widget-builder.spec.ts" time="0">
<skipped>
</skipped>
</testcase>
<testcase name="Widget Builder - Configuration and Setup › should handle API errors gracefully" classname="widget/widget-builder.spec.ts" time="0">
<skipped>
</skipped>
</testcase>
<testcase name="Widget Builder - Configuration and Setup › should handle save errors gracefully" classname="widget/widget-builder.spec.ts" time="0">
<skipped>
</skipped>
</testcase>
<testcase name="Widget Builder - End-to-End Workflow › complete widget setup workflow from dashboard to embed code" classname="widget/widget-builder.spec.ts" time="0">
<skipped>
</skipped>
</testcase>
</testsuite>
<testsuite name="widget/widget-integration-flow.spec.ts" timestamp="2025-10-03T09:58:12.039Z" hostname="webkit" tests="6" failures="0" skipped="6" time="0" errors="0">
<testcase name="Widget Integration - Complete User Journey › user journey: navigate from dashboard to widget setup" classname="widget/widget-integration-flow.spec.ts" time="0">
<skipped>
</skipped>
</testcase>
<testcase name="Widget Integration - Complete User Journey › complete widget configuration and code generation" classname="widget/widget-integration-flow.spec.ts" time="0">
<skipped>
</skipped>
</testcase>
<testcase name="Widget Integration - Complete User Journey › widget preview reflects configuration changes in real-time" classname="widget/widget-integration-flow.spec.ts" time="0">
<skipped>
</skipped>
</testcase>
<testcase name="Widget Integration - Complete User Journey › handle widget analytics and performance tracking" classname="widget/widget-integration-flow.spec.ts" time="0">
<skipped>
</skipped>
</testcase>
<testcase name="Widget Integration - Complete User Journey › validate widget deployment workflow" classname="widget/widget-integration-flow.spec.ts" time="0">
<skipped>
</skipped>
</testcase>
<testcase name="Widget Integration - Complete User Journey › verify widget security settings and domain restrictions" classname="widget/widget-integration-flow.spec.ts" time="0">
<skipped>
</skipped>
</testcase>
</testsuite>
<testsuite name="widget/widget-preview.spec.ts" timestamp="2025-10-03T09:58:12.039Z" hostname="webkit" tests="16" failures="0" skipped="16" time="0" errors="0">
<testcase name="Widget Preview and Embed Testing › should render widget preview page correctly" classname="widget/widget-preview.spec.ts" time="0">
<skipped>
</skipped>
</testcase>
<testcase name="Widget Preview and Embed Testing › should display widget with correct theme configuration" classname="widget/widget-preview.spec.ts" time="0">
<skipped>
</skipped>
</testcase>
<testcase name="Widget Preview and Embed Testing › should open and close widget on bubble click" classname="widget/widget-preview.spec.ts" time="0">
<skipped>
</skipped>
</testcase>
<testcase name="Widget Preview and Embed Testing › should display greeting message when widget opens" classname="widget/widget-preview.spec.ts" time="0">
<skipped>
</skipped>
</testcase>
<testcase name="Widget Preview and Embed Testing › should show correct bot name in widget header" classname="widget/widget-preview.spec.ts" time="0">
<skipped>
</skipped>
</testcase>
<testcase name="Widget Preview and Embed Testing › should display typing indicator when enabled" classname="widget/widget-preview.spec.ts" time="0">
<skipped>
</skipped>
</testcase>
<testcase name="Widget Preview and Embed Testing › should respect widget position configuration" classname="widget/widget-preview.spec.ts" time="0">
<skipped>
</skipped>
</testcase>
<testcase name="Widget Preview and Embed Testing › should allow message input and submission" classname="widget/widget-preview.spec.ts" time="0">
<skipped>
</skipped>
</testcase>
<testcase name="Widget Preview and Embed Testing › should show powered by branding when enabled" classname="widget/widget-preview.spec.ts" time="0">
<skipped>
</skipped>
</testcase>
<testcase name="Widget Preview and Embed Testing › should handle mobile viewport correctly" classname="widget/widget-preview.spec.ts" time="0">
<skipped>
</skipped>
</testcase>
<testcase name="Widget Loader Script › should load widget loader script successfully" classname="widget/widget-preview.spec.ts" time="0">
<skipped>
</skipped>
</testcase>
<testcase name="Widget Loader Script › should handle loader script errors gracefully" classname="widget/widget-preview.spec.ts" time="0">
<skipped>
</skipped>
</testcase>
<testcase name="Widget Chat Functionality › should handle chat conversation flow" classname="widget/widget-preview.spec.ts" time="0">
<skipped>
</skipped>
</testcase>
<testcase name="Widget Chat Functionality › should maintain conversation context" classname="widget/widget-preview.spec.ts" time="0">
<skipped>
</skipped>
</testcase>
<testcase name="Widget Chat Functionality › should display error message on chat API failure" classname="widget/widget-preview.spec.ts" time="0">
<skipped>
</skipped>
</testcase>
<testcase name="Widget Chat Functionality › should clear conversation when reset button is clicked" classname="widget/widget-preview.spec.ts" time="0">
<skipped>
</skipped>
</testcase>
</testsuite>
<testsuite name="widget/widget-builder.spec.ts" timestamp="2025-10-03T09:58:12.039Z" hostname="Mobile Chrome" tests="13" failures="0" skipped="13" time="0" errors="0">
<testcase name="Widget Builder - Configuration and Setup › should load widget builder page with existing configuration" classname="widget/widget-builder.spec.ts" time="0">
<skipped>
</skipped>
</testcase>
<testcase name="Widget Builder - Configuration and Setup › should customize widget design settings" classname="widget/widget-builder.spec.ts" time="0">
<skipped>
</skipped>
</testcase>
<testcase name="Widget Builder - Configuration and Setup › should configure widget behavior settings" classname="widget/widget-builder.spec.ts" time="0">
<skipped>
</skipped>
</testcase>
<testcase name="Widget Builder - Configuration and Setup › should configure security settings and manage allowed domains" classname="widget/widget-builder.spec.ts" time="0">
<skipped>
</skipped>
</testcase>
<testcase name="Widget Builder - Configuration and Setup › should generate and display widget embed code" classname="widget/widget-builder.spec.ts" time="0">
<skipped>
</skipped>
</testcase>
<testcase name="Widget Builder - Configuration and Setup › should display analytics settings and widget statistics" classname="widget/widget-builder.spec.ts" time="0">
<skipped>
</skipped>
</testcase>
<testcase name="Widget Builder - Configuration and Setup › should display live preview of widget with configuration changes" classname="widget/widget-builder.spec.ts" time="0">
<skipped>
</skipped>
</testcase>
<testcase name="Widget Builder - Configuration and Setup › should save widget configuration successfully" classname="widget/widget-builder.spec.ts" time="0">
<skipped>
</skipped>
</testcase>
<testcase name="Widget Builder - Configuration and Setup › should navigate using quick actions" classname="widget/widget-builder.spec.ts" time="0">
<skipped>
</skipped>
</testcase>
<testcase name="Widget Builder - Configuration and Setup › should handle navigation breadcrumbs correctly" classname="widget/widget-builder.spec.ts" time="0">
<skipped>
</skipped>
</testcase>
<testcase name="Widget Builder - Configuration and Setup › should handle API errors gracefully" classname="widget/widget-builder.spec.ts" time="0">
<skipped>
</skipped>
</testcase>
<testcase name="Widget Builder - Configuration and Setup › should handle save errors gracefully" classname="widget/widget-builder.spec.ts" time="0">
<skipped>
</skipped>
</testcase>
<testcase name="Widget Builder - End-to-End Workflow › complete widget setup workflow from dashboard to embed code" classname="widget/widget-builder.spec.ts" time="0">
<skipped>
</skipped>
</testcase>
</testsuite>
<testsuite name="widget/widget-integration-flow.spec.ts" timestamp="2025-10-03T09:58:12.039Z" hostname="Mobile Chrome" tests="6" failures="0" skipped="6" time="0" errors="0">
<testcase name="Widget Integration - Complete User Journey › user journey: navigate from dashboard to widget setup" classname="widget/widget-integration-flow.spec.ts" time="0">
<skipped>
</skipped>
</testcase>
<testcase name="Widget Integration - Complete User Journey › complete widget configuration and code generation" classname="widget/widget-integration-flow.spec.ts" time="0">
<skipped>
</skipped>
</testcase>
<testcase name="Widget Integration - Complete User Journey › widget preview reflects configuration changes in real-time" classname="widget/widget-integration-flow.spec.ts" time="0">
<skipped>
</skipped>
</testcase>
<testcase name="Widget Integration - Complete User Journey › handle widget analytics and performance tracking" classname="widget/widget-integration-flow.spec.ts" time="0">
<skipped>
</skipped>
</testcase>
<testcase name="Widget Integration - Complete User Journey › validate widget deployment workflow" classname="widget/widget-integration-flow.spec.ts" time="0">
<skipped>
</skipped>
</testcase>
<testcase name="Widget Integration - Complete User Journey › verify widget security settings and domain restrictions" classname="widget/widget-integration-flow.spec.ts" time="0">
<skipped>
</skipped>
</testcase>
</testsuite>
<testsuite name="widget/widget-preview.spec.ts" timestamp="2025-10-03T09:58:12.039Z" hostname="Mobile Chrome" tests="16" failures="0" skipped="16" time="0" errors="0">
<testcase name="Widget Preview and Embed Testing › should render widget preview page correctly" classname="widget/widget-preview.spec.ts" time="0">
<skipped>
</skipped>
</testcase>
<testcase name="Widget Preview and Embed Testing › should display widget with correct theme configuration" classname="widget/widget-preview.spec.ts" time="0">
<skipped>
</skipped>
</testcase>
<testcase name="Widget Preview and Embed Testing › should open and close widget on bubble click" classname="widget/widget-preview.spec.ts" time="0">
<skipped>
</skipped>
</testcase>
<testcase name="Widget Preview and Embed Testing › should display greeting message when widget opens" classname="widget/widget-preview.spec.ts" time="0">
<skipped>
</skipped>
</testcase>
<testcase name="Widget Preview and Embed Testing › should show correct bot name in widget header" classname="widget/widget-preview.spec.ts" time="0">
<skipped>
</skipped>
</testcase>
<testcase name="Widget Preview and Embed Testing › should display typing indicator when enabled" classname="widget/widget-preview.spec.ts" time="0">
<skipped>
</skipped>
</testcase>
<testcase name="Widget Preview and Embed Testing › should respect widget position configuration" classname="widget/widget-preview.spec.ts" time="0">
<skipped>
</skipped>
</testcase>
<testcase name="Widget Preview and Embed Testing › should allow message input and submission" classname="widget/widget-preview.spec.ts" time="0">
<skipped>
</skipped>
</testcase>
<testcase name="Widget Preview and Embed Testing › should show powered by branding when enabled" classname="widget/widget-preview.spec.ts" time="0">
<skipped>
</skipped>
</testcase>
<testcase name="Widget Preview and Embed Testing › should handle mobile viewport correctly" classname="widget/widget-preview.spec.ts" time="0">
<skipped>
</skipped>
</testcase>
<testcase name="Widget Loader Script › should load widget loader script successfully" classname="widget/widget-preview.spec.ts" time="0">
<skipped>
</skipped>
</testcase>
<testcase name="Widget Loader Script › should handle loader script errors gracefully" classname="widget/widget-preview.spec.ts" time="0">
<skipped>
</skipped>
</testcase>
<testcase name="Widget Chat Functionality › should handle chat conversation flow" classname="widget/widget-preview.spec.ts" time="0">
<skipped>
</skipped>
</testcase>
<testcase name="Widget Chat Functionality › should maintain conversation context" classname="widget/widget-preview.spec.ts" time="0">
<skipped>
</skipped>
</testcase>
<testcase name="Widget Chat Functionality › should display error message on chat API failure" classname="widget/widget-preview.spec.ts" time="0">
<skipped>
</skipped>
</testcase>
<testcase name="Widget Chat Functionality › should clear conversation when reset button is clicked" classname="widget/widget-preview.spec.ts" time="0">
<skipped>
</skipped>
</testcase>
</testsuite>
<testsuite name="widget/widget-builder.spec.ts" timestamp="2025-10-03T09:58:12.039Z" hostname="Mobile Safari" tests="13" failures="0" skipped="13" time="0" errors="0">
<testcase name="Widget Builder - Configuration and Setup › should load widget builder page with existing configuration" classname="widget/widget-builder.spec.ts" time="0">
<skipped>
</skipped>
</testcase>
<testcase name="Widget Builder - Configuration and Setup › should customize widget design settings" classname="widget/widget-builder.spec.ts" time="0">
<skipped>
</skipped>
</testcase>
<testcase name="Widget Builder - Configuration and Setup › should configure widget behavior settings" classname="widget/widget-builder.spec.ts" time="0">
<skipped>
</skipped>
</testcase>
<testcase name="Widget Builder - Configuration and Setup › should configure security settings and manage allowed domains" classname="widget/widget-builder.spec.ts" time="0">
<skipped>
</skipped>
</testcase>
<testcase name="Widget Builder - Configuration and Setup › should generate and display widget embed code" classname="widget/widget-builder.spec.ts" time="0">
<skipped>
</skipped>
</testcase>
<testcase name="Widget Builder - Configuration and Setup › should display analytics settings and widget statistics" classname="widget/widget-builder.spec.ts" time="0">
<skipped>
</skipped>
</testcase>
<testcase name="Widget Builder - Configuration and Setup › should display live preview of widget with configuration changes" classname="widget/widget-builder.spec.ts" time="0">
<skipped>
</skipped>
</testcase>
<testcase name="Widget Builder - Configuration and Setup › should save widget configuration successfully" classname="widget/widget-builder.spec.ts" time="0">
<skipped>
</skipped>
</testcase>
<testcase name="Widget Builder - Configuration and Setup › should navigate using quick actions" classname="widget/widget-builder.spec.ts" time="0">
<skipped>
</skipped>
</testcase>
<testcase name="Widget Builder - Configuration and Setup › should handle navigation breadcrumbs correctly" classname="widget/widget-builder.spec.ts" time="0">
<skipped>
</skipped>
</testcase>
<testcase name="Widget Builder - Configuration and Setup › should handle API errors gracefully" classname="widget/widget-builder.spec.ts" time="0">
<skipped>
</skipped>
</testcase>
<testcase name="Widget Builder - Configuration and Setup › should handle save errors gracefully" classname="widget/widget-builder.spec.ts" time="0">
<skipped>
</skipped>
</testcase>
<testcase name="Widget Builder - End-to-End Workflow › complete widget setup workflow from dashboard to embed code" classname="widget/widget-builder.spec.ts" time="0">
<skipped>
</skipped>
</testcase>
</testsuite>
<testsuite name="widget/widget-integration-flow.spec.ts" timestamp="2025-10-03T09:58:12.039Z" hostname="Mobile Safari" tests="6" failures="0" skipped="6" time="0" errors="0">
<testcase name="Widget Integration - Complete User Journey › user journey: navigate from dashboard to widget setup" classname="widget/widget-integration-flow.spec.ts" time="0">
<skipped>
</skipped>
</testcase>
<testcase name="Widget Integration - Complete User Journey › complete widget configuration and code generation" classname="widget/widget-integration-flow.spec.ts" time="0">
<skipped>
</skipped>
</testcase>
<testcase name="Widget Integration - Complete User Journey › widget preview reflects configuration changes in real-time" classname="widget/widget-integration-flow.spec.ts" time="0">
<skipped>
</skipped>
</testcase>
<testcase name="Widget Integration - Complete User Journey › handle widget analytics and performance tracking" classname="widget/widget-integration-flow.spec.ts" time="0">
<skipped>
</skipped>
</testcase>
<testcase name="Widget Integration - Complete User Journey › validate widget deployment workflow" classname="widget/widget-integration-flow.spec.ts" time="0">
<skipped>
</skipped>
</testcase>
<testcase name="Widget Integration - Complete User Journey › verify widget security settings and domain restrictions" classname="widget/widget-integration-flow.spec.ts" time="0">
<skipped>
</skipped>
</testcase>
</testsuite>
<testsuite name="widget/widget-preview.spec.ts" timestamp="2025-10-03T09:58:12.039Z" hostname="Mobile Safari" tests="16" failures="0" skipped="16" time="0" errors="0">
<testcase name="Widget Preview and Embed Testing › should render widget preview page correctly" classname="widget/widget-preview.spec.ts" time="0">
<skipped>
</skipped>
</testcase>
<testcase name="Widget Preview and Embed Testing › should display widget with correct theme configuration" classname="widget/widget-preview.spec.ts" time="0">
<skipped>
</skipped>
</testcase>
<testcase name="Widget Preview and Embed Testing › should open and close widget on bubble click" classname="widget/widget-preview.spec.ts" time="0">
<skipped>
</skipped>
</testcase>
<testcase name="Widget Preview and Embed Testing › should display greeting message when widget opens" classname="widget/widget-preview.spec.ts" time="0">
<skipped>
</skipped>
</testcase>
<testcase name="Widget Preview and Embed Testing › should show correct bot name in widget header" classname="widget/widget-preview.spec.ts" time="0">
<skipped>
</skipped>
</testcase>
<testcase name="Widget Preview and Embed Testing › should display typing indicator when enabled" classname="widget/widget-preview.spec.ts" time="0">
<skipped>
</skipped>
</testcase>
<testcase name="Widget Preview and Embed Testing › should respect widget position configuration" classname="widget/widget-preview.spec.ts" time="0">
<skipped>
</skipped>
</testcase>
<testcase name="Widget Preview and Embed Testing › should allow message input and submission" classname="widget/widget-preview.spec.ts" time="0">
<skipped>
</skipped>
</testcase>
<testcase name="Widget Preview and Embed Testing › should show powered by branding when enabled" classname="widget/widget-preview.spec.ts" time="0">
<skipped>
</skipped>
</testcase>
<testcase name="Widget Preview and Embed Testing › should handle mobile viewport correctly" classname="widget/widget-preview.spec.ts" time="0">
<skipped>
</skipped>
</testcase>
<testcase name="Widget Loader Script › should load widget loader script successfully" classname="widget/widget-preview.spec.ts" time="0">
<skipped>
</skipped>
</testcase>
<testcase name="Widget Loader Script › should handle loader script errors gracefully" classname="widget/widget-preview.spec.ts" time="0">
<skipped>
</skipped>
</testcase>
<testcase name="Widget Chat Functionality › should handle chat conversation flow" classname="widget/widget-preview.spec.ts" time="0">
<skipped>
</skipped>
</testcase>
<testcase name="Widget Chat Functionality › should maintain conversation context" classname="widget/widget-preview.spec.ts" time="0">
<skipped>
</skipped>
</testcase>
<testcase name="Widget Chat Functionality › should display error message on chat API failure" classname="widget/widget-preview.spec.ts" time="0">
<skipped>
</skipped>
</testcase>
<testcase name="Widget Chat Functionality › should clear conversation when reset button is clicked" classname="widget/widget-preview.spec.ts" time="0">
<skipped>
</skipped>
</testcase>
</testsuite>
</testsuites>